<?xml version="1.0" encoding="UTF-8"?>
<!-- Generated by org.testng.reporters.JUnitReportReporter -->
<testsuite hostname="FadyShining-PC" name="lab9.FlightBookerWebTestExtended" tests="13" failures="0" timestamp="6 Dec 2016 01:36:01 GMT" time="5.115" errors="0">
  <testcase name="testNT1" time="0.717" classname="lab9.FlightBookerWebTestExtended"/>
  <testcase name="testFeatures" time="0.258" classname="lab9.FlightBookerWebTestExtended"/>
  <testcase name="testFeatures" time="0.324" classname="lab9.FlightBookerWebTestExtended"/>
  <testcase name="testST2" time="0.339" classname="lab9.FlightBookerWebTestExtended"/>
  <testcase name="testNT2" time="0.415" classname="lab9.FlightBookerWebTestExtended"/>
  <testcase name="testST4" time="0.720" classname="lab9.FlightBookerWebTestExtended"/>
  <testcase name="testFeatures" time="0.369" classname="lab9.FlightBookerWebTestExtended"/>
  <testcase name="testST1" time="0.350" classname="lab9.FlightBookerWebTestExtended"/>
  <testcase name="testFeatures" time="0.255" classname="lab9.FlightBookerWebTestExtended"/>
  <testcase name="testST3" time="0.479" classname="lab9.FlightBookerWebTestExtended"/>
  <testcase name="testBT1" time="0.340" classname="lab9.FlightBookerWebTestExtended"/>
  <testcase name="testBT2" time="0.238" classname="lab9.FlightBookerWebTestExtended"/>
  <testcase name="testFeatures" time="0.311" classname="lab9.FlightBookerWebTestExtended"/>
</testsuite> <!-- lab9.FlightBookerWebTestExtended -->
