<?xml version="1.0" encoding="UTF-8"?>
<!-- Generated by org.testng.reporters.JUnitReportReporter -->
<testsuite hostname="FadyShining-PC" name="lab10.DiscountWebNavTest" tests="1" failures="0" timestamp="6 Dec 2016 13:38:37 GMT" time="2.563" errors="0">
  <testcase name="test2_1" time="2.563" classname="lab10.DiscountWebNavTest"/>
</testsuite> <!-- lab10.DiscountWebNavTest -->
