<?xml version="1.0" encoding="UTF-8"?>
<!-- Generated by org.testng.reporters.JUnitReportReporter -->
<testsuite hostname="FadyShining-PC" name="lab10.DiscountDemoWebTest" tests="3" failures="0" timestamp="6 Dec 2016 13:37:56 GMT" time="1.636" errors="0">
  <testcase name="demoTest1" time="0.680" classname="lab10.DiscountDemoWebTest"/>
  <testcase name="demoTest2" time="0.531" classname="lab10.DiscountDemoWebTest"/>
  <testcase name="demoTest3" time="0.425" classname="lab10.DiscountDemoWebTest"/>
</testsuite> <!-- lab10.DiscountDemoWebTest -->
