<?xml version="1.0" encoding="UTF-8"?>
<!-- Generated by org.testng.reporters.JUnitReportReporter -->
<testsuite hostname="FadyShining-PC" name="lab10.DiscountWebScenarioTest" tests="1" failures="0" timestamp="6 Dec 2016 13:38:48 GMT" time="1.009" errors="0">
  <testcase name="test4_1" time="1.009" classname="lab10.DiscountWebScenarioTest"/>
</testsuite> <!-- lab10.DiscountWebScenarioTest -->
