<?xml version="1.0" encoding="UTF-8"?>
<!-- Generated by org.testng.reporters.JUnitReportReporter -->
<testsuite hostname="FadyShining-PC" name="lab10.DiscountWebFeatTest" tests="5" failures="0" timestamp="6 Dec 2016 13:38:24 GMT" time="3.135" errors="0">
  <testcase name="testFeatures" time="0.599" classname="lab10.DiscountWebFeatTest"/>
  <testcase name="testFeatures" time="0.697" classname="lab10.DiscountWebFeatTest"/>
  <testcase name="testFeatures" time="0.602" classname="lab10.DiscountWebFeatTest"/>
  <testcase name="testFeatures" time="0.578" classname="lab10.DiscountWebFeatTest"/>
  <testcase name="testFeatures" time="0.659" classname="lab10.DiscountWebFeatTest"/>
</testsuite> <!-- lab10.DiscountWebFeatTest -->
