<?xml version="1.0" encoding="UTF-8"?>
<!-- Generated by org.testng.reporters.JUnitReportReporter -->
<testsuite hostname="FadyShining-PC" name="lab10.DiscountWebBehavTest" tests="1" failures="0" timestamp="6 Dec 2016 13:38:07 GMT" time="0.650" errors="0">
  <testcase name="test1_1" time="0.650" classname="lab10.DiscountWebBehavTest"/>
</testsuite> <!-- lab10.DiscountWebBehavTest -->
